<?xml version="1.0" encoding="UTF-8"?>
<!-- Generated by org.testng.reporters.JUnitReportReporter -->
<testsuite hostname="DESKTOP-7JLL802" failures="0" tests="1" name="testcases.tc01_open_website" time="8.656" errors="0" timestamp="2024-11-19T20:19:25 IST" skipped="0">
  <testcase classname="testcases.tc01_open_website" name="tc01_navigate_to_website" time="8.656"/>
</testsuite> <!-- testcases.tc01_open_website -->
