<?xml version="1.0" encoding="UTF-8"?>
<!-- Generated by org.testng.reporters.JUnitReportReporter -->
<testsuite hostname="DESKTOP-7JLL802" failures="0" tests="1" name="testcases.tc09_Brand_Item_Add" time="63.147" errors="0" timestamp="2024-11-19T20:19:25 IST" skipped="0">
  <testcase classname="testcases.tc09_Brand_Item_Add" name="tc09_selAddItemShopByDeptMenu" time="63.147"/>
</testsuite> <!-- testcases.tc09_Brand_Item_Add -->
