<?xml version="1.0" encoding="UTF-8"?>
<!-- Generated by org.testng.reporters.JUnitReportReporter -->
<testsuite hostname="DESKTOP-7JLL802" failures="0" tests="1" name="testcases.tc02_URL_validation" time="27.294" errors="0" timestamp="2024-11-19T20:19:25 IST" skipped="0">
  <testcase classname="testcases.tc02_URL_validation" name="tc02_validateUrlIsNotBroken" time="27.294"/>
</testsuite> <!-- testcases.tc02_URL_validation -->
