<?xml version="1.0" encoding="UTF-8"?>
<!-- Generated by org.testng.reporters.JUnitReportReporter -->
<testsuite hostname="DESKTOP-7JLL802" failures="0" tests="1" name="testcases.tc05_menu_validation" time="155.078" errors="0" timestamp="2024-11-19T20:19:25 IST" skipped="0">
  <testcase classname="testcases.tc05_menu_validation" name="tc05_validateMenuLinkNavigation" time="155.078"/>
</testsuite> <!-- testcases.tc05_menu_validation -->
