<?xml version="1.0" encoding="UTF-8"?>
<!-- Generated by org.testng.reporters.JUnitReportReporter -->
<testsuite hostname="DESKTOP-7JLL802" failures="0" tests="1" name="testcases.tc08_Department_Item_Add" time="47.391" errors="0" timestamp="2024-11-19T20:19:25 IST" skipped="0">
  <testcase classname="testcases.tc08_Department_Item_Add" name="tc08_selAddItemShopByDeptMenu" time="47.391"/>
</testsuite> <!-- testcases.tc08_Department_Item_Add -->
