<?xml version="1.0" encoding="UTF-8"?>
<!-- Generated by org.testng.reporters.JUnitReportReporter -->
<testsuite hostname="DESKTOP-7JLL802" failures="0" tests="1" name="testcases.tc06_bottom_links_validation" time="24.292" errors="0" timestamp="2024-11-19T20:19:25 IST" skipped="0">
  <testcase classname="testcases.tc06_bottom_links_validation" name="tc06_validateLinkInBottomOfHomePage" time="24.292"/>
</testsuite> <!-- testcases.tc06_bottom_links_validation -->
