<?xml version="1.0" encoding="UTF-8"?>
<!-- Generated by org.testng.reporters.JUnitReportReporter -->
<testsuite hostname="DESKTOP-7JLL802" failures="0" tests="1" name="testcases.tc07_Search_Product" time="53.179" errors="0" timestamp="2024-11-19T20:19:25 IST" skipped="0">
  <testcase classname="testcases.tc07_Search_Product" name="tc07_SearchAddItemInCart" time="53.179"/>
</testsuite> <!-- testcases.tc07_Search_Product -->
