<?xml version="1.0" encoding="UTF-8"?>
<!-- Generated by org.testng.reporters.JUnitReportReporter -->
<testsuite hostname="DESKTOP-7JLL802" failures="0" tests="1" name="testcases.tc10_checkout" time="80.804" errors="0" timestamp="2024-11-19T20:19:25 IST" skipped="0">
  <testcase classname="testcases.tc10_checkout" name="tc10_CheckOutPageFilling" time="80.804"/>
</testsuite> <!-- testcases.tc10_checkout -->
